{"E:\\data2\\website\\javascript\\dicoding\\gradeCalculations.js": {"path":"E:\\data2\\website\\javascript\\dicoding\\gradeCalculations.js","statementMap":{"0":{"start":{"line":1,"column":21},"end":{"line":6,"column":1}},"1":{"start":{"line":2,"column":21},"end":{"line":2,"column":64}},"2":{"start":{"line":2,"column":39},"end":{"line":2,"column":63}},"3":{"start":{"line":3,"column":4},"end":{"line":3,"column":54}},"4":{"start":{"line":3,"column":20},"end":{"line":3,"column":54}},"5":{"start":{"line":4,"column":16},"end":{"line":4,"column":42}},"6":{"start":{"line":4,"column":36},"end":{"line":4,"column":39}},"7":{"start":{"line":5,"column":4},"end":{"line":5,"column":29}},"8":{"start":{"line":8,"column":26},"end":{"line":20,"column":1}},"9":{"start":{"line":9,"column":16},"end":{"line":9,"column":18}},"10":{"start":{"line":10,"column":16},"end":{"line":10,"column":35}},"11":{"start":{"line":11,"column":0},"end":{"line":18,"column":1}},"12":{"start":{"line":12,"column":4},"end":{"line":12,"column":42}},"13":{"start":{"line":13,"column":4},"end":{"line":13,"column":15}},"14":{"start":{"line":16,"column":4},"end":{"line":16,"column":47}},"15":{"start":{"line":17,"column":4},"end":{"line":17,"column":16}},"16":{"start":{"line":21,"column":0},"end":{"line":21,"column":49}}},"fnMap":{"0":{"name":"(anonymous_0)","decl":{"start":{"line":1,"column":21},"end":{"line":1,"column":22}},"loc":{"start":{"line":1,"column":30},"end":{"line":6,"column":1}},"line":1},"1":{"name":"(anonymous_1)","decl":{"start":{"line":2,"column":33},"end":{"line":2,"column":34}},"loc":{"start":{"line":2,"column":39},"end":{"line":2,"column":63}},"line":2},"2":{"name":"(anonymous_2)","decl":{"start":{"line":4,"column":29},"end":{"line":4,"column":30}},"loc":{"start":{"line":4,"column":36},"end":{"line":4,"column":39}},"line":4},"3":{"name":"(anonymous_3)","decl":{"start":{"line":8,"column":26},"end":{"line":8,"column":27}},"loc":{"start":{"line":8,"column":40},"end":{"line":20,"column":1}},"line":8}},"branchMap":{"0":{"loc":{"start":{"line":3,"column":4},"end":{"line":3,"column":54}},"type":"if","locations":[{"start":{"line":3,"column":4},"end":{"line":3,"column":54}},{"start":{"line":3,"column":4},"end":{"line":3,"column":54}}],"line":3},"1":{"loc":{"start":{"line":11,"column":0},"end":{"line":18,"column":1}},"type":"if","locations":[{"start":{"line":11,"column":0},"end":{"line":18,"column":1}},{"start":{"line":11,"column":0},"end":{"line":18,"column":1}}],"line":11}},"s":{"0":1,"1":3,"2":12,"3":3,"4":0,"5":3,"6":12,"7":3,"8":1,"9":2,"10":2,"11":2,"12":1,"13":1,"14":1,"15":1,"16":1},"f":{"0":3,"1":12,"2":12,"3":2},"b":{"0":[0,3],"1":[1,1]},"_coverageSchema":"1a1c01bbd47fc00a2c39e90264f33305004495a9","hash":"471252b16c36b30a26554c3b5f8a848b1a032d80"}
}
